<?xml version="1.0" encoding="utf-8"?>
<shfbBuild product="Sandcastle Help File Builder and Tools" version="2016.5.28.0" projectFile="C:\Users\kmorse\Documents\projects\RallyRestToolkitFor.NET\DocumentationGeneration.shfbproj" started="7/6/2016 4:24:53 PM">
<buildStep step="Initializing">
Finding tools...
The Sandcastle tools are located in &#39;C:\Program Files (x86)\EWSoftware\Sandcastle Help File Builder\&#39;
Locating components in the following folder(s):
    C:\Users\kmorse\Documents\projects\RallyRestToolkitFor.NET
    C:\ProgramData\EWSoftware\Sandcastle Help File Builder\Components and Plug-Ins\
    C:\Program Files (x86)\EWSoftware\Sandcastle Help File Builder\
Using framework reflection data for &#39;.NET Framework 4.0&#39; located in &#39;C:\Program Files (x86)\EWSoftware\Sandcastle Help File Builder\Data\.NETFramework&#39;
Using presentation style &#39;VS2013&#39; located in &#39;C:\Program Files (x86)\EWSoftware\Sandcastle Help File Builder\PresentationStyles\VS2013&#39;
Loading and initializing plug-ins...
Lightweight Website Style Version 2016.5.28.0
Copyright &#169; 2006-2016, Eric Woodruff, All Rights Reserved
Portions Copyright &#169; 2014, Sam Harwell, All Rights Reserved
-------------------------------
Clearing any prior web/markdown output...
</buildStep>
<buildStep step="ValidatingDocumentationSources">
Validating and copying documentation source information
Source: C:\Users\kmorse\Documents\projects\RallyRestToolkitFor.NET\Rally.RestApi\bin\Debug\Rally.RestApi.dll
    Found assembly &#39;C:\Users\kmorse\Documents\projects\RallyRestToolkitFor.NET\Rally.RestApi\bin\Debug\Rally.RestApi.dll&#39;
Source: C:\Users\kmorse\Documents\projects\RallyRestToolkitFor.NET\Rally.RestApi.UiForWinforms\bin\Debug\Rally.RestApi.UiForWinforms.dll
    Found assembly &#39;C:\Users\kmorse\Documents\projects\RallyRestToolkitFor.NET\Rally.RestApi.UiForWinforms\bin\Debug\Rally.RestApi.UiForWinforms.dll&#39;
Source: C:\Users\kmorse\Documents\projects\RallyRestToolkitFor.NET\Rally.RestApi.UiForWinforms\bin\Debug\Rally.RestApi.UiForWinforms.XML
Source: C:\Users\kmorse\Documents\projects\RallyRestToolkitFor.NET\Rally.RestApi.UiForWpf\bin\Debug\Rally.RestApi.UiForWpf.dll
    Found assembly &#39;C:\Users\kmorse\Documents\projects\RallyRestToolkitFor.NET\Rally.RestApi.UiForWpf\bin\Debug\Rally.RestApi.UiForWpf.dll&#39;
Source: C:\Users\kmorse\Documents\projects\RallyRestToolkitFor.NET\Rally.RestApi.UiForWpf\bin\Debug\Rally.RestApi.UiForWpf.XML
Source: C:\Users\kmorse\Documents\projects\RallyRestToolkitFor.NET\Rally.RestApi\bin\Debug\Rally.RestApi.xml

Copying XML comments files
    C:\Users\kmorse\Documents\projects\RallyRestToolkitFor.NET\Rally.RestApi.UiForWinforms\bin\Debug\Rally.RestApi.UiForWinforms.XML -&gt; C:\Users\kmorse\Documents\projects\RallyRestToolkitFor.NET\Documentation\Working\Rally.RestApi.UiForWinforms.XML
    C:\Users\kmorse\Documents\projects\RallyRestToolkitFor.NET\Rally.RestApi.UiForWpf\bin\Debug\Rally.RestApi.UiForWpf.XML -&gt; C:\Users\kmorse\Documents\projects\RallyRestToolkitFor.NET\Documentation\Working\Rally.RestApi.UiForWpf.XML
    C:\Users\kmorse\Documents\projects\RallyRestToolkitFor.NET\Rally.RestApi\bin\Debug\Rally.RestApi.xml -&gt; C:\Users\kmorse\Documents\projects\RallyRestToolkitFor.NET\Documentation\Working\Rally.RestApi.xml
</buildStep>
<buildStep step="GenerateSharedContent">
Generating shared content files (en-US, English (United States))...
<plugIn name="Lightweight Website Style" behavior="After" priority="1000">
</plugIn>    Last step completed in 00:00:00.0156
</buildStep>
<buildStep step="GenerateApiFilter">
Generating API filter for MRefBuilder...
    Last step completed in 00:00:00.0156
</buildStep>
<buildStep step="GenerateReflectionInfo">
Generating reflection information...
[C:\Windows\Microsoft.NET\Framework64\v4.0.30319\MSBuild.exe - GenerateRefInfo.proj]
Build started 7/6/2016 4:24:59 PM.
Project &quot;C:\Users\kmorse\Documents\projects\RallyRestToolkitFor.NET\Documentation\Working\GenerateRefInfo.proj&quot; on node 1 (default targets).
Project file contains ToolsVersion=&quot;12.0&quot;. This toolset may be unknown or missing, in which case you may be able to resolve this by installing the appropriate version of MSBuild, or the build may have been forced to a particular ToolsVersion for policy reasons. Treating the project as if it had ToolsVersion=&quot;4.0&quot;. For more information, please see http://go.microsoft.com/fwlink/?LinkId=291333.
PrepareForBuild:
  Creating directory &quot;obj\Debug\&quot;.
GenerateRefInfo:
  MRefBuilder (v2016.5.28.0)
  Copyright c 2006-2016, Microsoft Corporation, All Rights Reserved.
  Portions Copyright c 2006-2016, Eric Woodruff, All Rights Reserved.
  Loaded 3 assemblies for reflection and 1 dependency assemblies.
  Wrote information on 8 namespaces, 30 types, and 224 members
  Copying file from &quot;reflection.org&quot; to &quot;reflection.all&quot;.
  XslTransform (v2016.5.28.0)
  Copyright c 2006-2016, Microsoft Corporation, All Rights Reserved.
  Portions Copyright c 2006-2016, Eric Woodruff, All Rights Reserved.
  Applying XSL transformation &#39;C:\Program Files (x86)\EWSoftware\Sandcastle Help File Builder\ProductionTransforms\MergeDuplicates.xsl&#39;.
Done Building Project &quot;C:\Users\kmorse\Documents\projects\RallyRestToolkitFor.NET\Documentation\Working\GenerateRefInfo.proj&quot; (default targets).

Build succeeded.

Time Elapsed 00:00:01.40
    Last step completed in 00:00:01.7316
</buildStep>
<buildStep step="TransformReflectionInfo">
Transforming reflection output...
[C:\Windows\Microsoft.NET\Framework64\v4.0.30319\MSBuild.exe - TransformManifest.proj]
Build started 7/6/2016 4:25:01 PM.
Project &quot;C:\Users\kmorse\Documents\projects\RallyRestToolkitFor.NET\Documentation\Working\TransformManifest.proj&quot; on node 1 (default targets).
Project file contains ToolsVersion=&quot;12.0&quot;. This toolset may be unknown or missing, in which case you may be able to resolve this by installing the appropriate version of MSBuild, or the build may have been forced to a particular ToolsVersion for policy reasons. Treating the project as if it had ToolsVersion=&quot;4.0&quot;. For more information, please see http://go.microsoft.com/fwlink/?LinkId=291333.
TransformManifest:
  XslTransform (v2016.5.28.0)
  Copyright c 2006-2016, Microsoft Corporation, All Rights Reserved.
  Portions Copyright c 2006-2016, Eric Woodruff, All Rights Reserved.
  Applying XSL transformation &#39;C:\Program Files (x86)\EWSoftware\Sandcastle Help File Builder\\ProductionTransforms\ApplyVSDocModel.xsl&#39;.
  Copying file from &quot;reflection.xml&quot; to &quot;reflection.nofilenames&quot;.
  XslTransform (v2016.5.28.0)
  Copyright c 2006-2016, Microsoft Corporation, All Rights Reserved.
  Portions Copyright c 2006-2016, Eric Woodruff, All Rights Reserved.
  Applying XSL transformation &#39;C:\Program Files (x86)\EWSoftware\Sandcastle Help File Builder\ProductionTransforms\AddFilenames.xsl&#39;.
  XslTransform (v2016.5.28.0)
  Copyright c 2006-2016, Microsoft Corporation, All Rights Reserved.
  Portions Copyright c 2006-2016, Eric Woodruff, All Rights Reserved.
  Applying XSL transformation &#39;C:\Program Files (x86)\EWSoftware\Sandcastle Help File Builder\ProductionTransforms\ReflectionToManifest.xsl&#39;.
Done Building Project &quot;C:\Users\kmorse\Documents\projects\RallyRestToolkitFor.NET\Documentation\Working\TransformManifest.proj&quot; (default targets).

Build succeeded.

Time Elapsed 00:00:00.85
    Last step completed in 00:00:01.0784
</buildStep>
<buildStep step="GenerateNamespaceSummaries">
Generating namespace summary information...
    Last step completed in 00:00:00.0312
</buildStep>
<buildStep step="CopyAdditionalContent">
Copying additional content files...
No additional content to copy
    Last step completed in 00:00:00.0000
</buildStep>
<buildStep step="MergeTablesOfContents">
Merging conceptual and additional tables of contents...
    Last step completed in 00:00:00.0000
</buildStep>
<buildStep step="GenerateIntermediateTableOfContents">
Generating intermediate table of contents file...
[C:\Windows\Microsoft.NET\Framework64\v4.0.30319\MSBuild.exe - GenerateIntermediateTOC.proj]
Build started 7/6/2016 4:25:02 PM.
Project &quot;C:\Users\kmorse\Documents\projects\RallyRestToolkitFor.NET\Documentation\Working\GenerateIntermediateTOC.proj&quot; on node 1 (default targets).
Project file contains ToolsVersion=&quot;12.0&quot;. This toolset may be unknown or missing, in which case you may be able to resolve this by installing the appropriate version of MSBuild, or the build may have been forced to a particular ToolsVersion for policy reasons. Treating the project as if it had ToolsVersion=&quot;4.0&quot;. For more information, please see http://go.microsoft.com/fwlink/?LinkId=291333.
GenerateIntermediateTOC:
  XslTransform (v2016.5.28.0)
  Copyright c 2006-2016, Microsoft Corporation, All Rights Reserved.
  Portions Copyright c 2006-2016, Eric Woodruff, All Rights Reserved.
  Applying XSL transformation &#39;C:\Program Files (x86)\EWSoftware\Sandcastle Help File Builder\\ProductionTransforms\CreateVSToc.xsl&#39;.
Done Building Project &quot;C:\Users\kmorse\Documents\projects\RallyRestToolkitFor.NET\Documentation\Working\GenerateIntermediateTOC.proj&quot; (default targets).

Build succeeded.

Time Elapsed 00:00:00.43
Generating conceptual content intermediate TOC file...
    Last step completed in 00:00:00.6552
</buildStep>
<buildStep step="CreateBuildAssemblerConfigs">
Creating Sandcastle configuration files...
    sandcastle.config
    Last step completed in 00:00:00.3588
</buildStep>
<buildStep step="MergeCustomConfigs">
Merging custom build component configurations
C:\Users\kmorse\Documents\projects\RallyRestToolkitFor.NET\Documentation\Working\sandcastle.config
  Updating reference topic configurations.
  No conceptual content.  Removing conceptual content components.
    Last step completed in 00:00:00.0156
</buildStep>
<buildStep step="BuildTopics">
Building help topics...
[C:\Windows\Microsoft.NET\Framework64\v4.0.30319\MSBuild.exe - BuildTopics.proj]
Build started 7/6/2016 4:25:03 PM.
Project &quot;C:\Users\kmorse\Documents\projects\RallyRestToolkitFor.NET\Documentation\Working\BuildTopics.proj&quot; on node 1 (default targets).
Project file contains ToolsVersion=&quot;12.0&quot;. This toolset may be unknown or missing, in which case you may be able to resolve this by installing the appropriate version of MSBuild, or the build may have been forced to a particular ToolsVersion for policy reasons. Treating the project as if it had ToolsVersion=&quot;4.0&quot;. For more information, please see http://go.microsoft.com/fwlink/?LinkId=291333.
BuildTopics:
  BuildAssembler (v2016.5.28.0)
  Copyright c 2006-2016, Microsoft Corporation, All Rights Reserved.
  Portions Copyright c 2006-2016, Eric Woodruff, All Rights Reserved.
  Loading configuration...
  ResolveReferenceLinksComponent: The MSDN content ID cache &#39;C:\Users\kmorse\AppData\Local\EWSoftware\Sandcastle Help File Builder\Cache\MsdnContentId.cache&#39; does not exist yet.  All IDs will be looked up in this build which will slow it down.
  Processing topics...
BuildAssembler : warning : ShowMissingComponent: [M:Rally.RestApi.Request.AddParameter(System.String,System.String)] Missing &lt;param name=&quot;key&quot;/&gt; documentation [C:\Users\kmorse\Documents\projects\RallyRestToolkitFor.NET\Documentation\Working\BuildTopics.proj]
BuildAssembler : warning : ShowMissingComponent: [M:Rally.RestApi.Request.AddParameter(System.String,System.String)] Missing &lt;param name=&quot;value&quot;/&gt; documentation [C:\Users\kmorse\Documents\projects\RallyRestToolkitFor.NET\Documentation\Working\BuildTopics.proj]
  Processed 285 topic(s)
  2 warning(s)
  CopyFromIndexComponent: &quot;reflection&quot; in-memory cache entries used: 8 of 15.
  CopyFromIndexComponent: &quot;comments&quot; in-memory cache entries used: 5 of 30.
  ResolveReferenceLinksComponent: 63 entries added to the MSDN content ID cache.  New cache size: 63 entries
  SaveComponent: Waiting for the document writer task to finish (2 Website API file(s) remaining)...
Done Building Project &quot;C:\Users\kmorse\Documents\projects\RallyRestToolkitFor.NET\Documentation\Working\BuildTopics.proj&quot; (default targets).

Build succeeded.

Time Elapsed 00:00:28.94
    Last step completed in 00:00:29.3849
</buildStep>
<buildStep step="CombiningIntermediateTocFiles">
Combining conceptual and API intermediate TOC files...
    Last step completed in 00:00:00.0156
</buildStep>
<buildStep step="ExtractingHtmlInfo">
Extracting HTML info for HTML Help 1 and/or website...
[C:\Windows\Microsoft.NET\Framework64\v4.0.30319\MSBuild.exe - ExtractHtmlInfo.proj]
Project file contains ToolsVersion=&quot;12.0&quot;. This toolset may be unknown or missing, in which case you may be able to resolve this by installing the appropriate version of MSBuild, or the build may have been forced to a particular ToolsVersion for policy reasons. Treating the project as if it had ToolsVersion=&quot;4.0&quot;. For more information, please see http://go.microsoft.com/fwlink/?LinkId=291333.
Sandcastle Help File Builder and Tools, version 2016.5.28.0
Copyright c 2006-2016, Eric Woodruff, All Rights Reserved
E-Mail: Eric@EWoodruff.us

Using LCID &#39;1033&#39;, code page &#39;65001&#39;, encoding charset &#39;UTF-8&#39;.

Processing website files in C:\Users\kmorse\Documents\projects\RallyRestToolkitFor.NET\Documentation\Working\Output\Website
Processed 285 HTML files
Sorting keywords and generating See Also indices
Saving website keyword index to C:\Users\kmorse\Documents\projects\RallyRestToolkitFor.NET\Documentation\Working\WebKI.xml
Saving website table of contents to C:\Users\kmorse\Documents\projects\RallyRestToolkitFor.NET\Documentation\Working\WebTOC.xml
    Last step completed in 00:00:01.4040
</buildStep>
<buildStep step="CopyStandardHelpContent">
Copying standard help content...
C:\Program Files (x86)\EWSoftware\Sandcastle Help File Builder\PresentationStyles\VS2013\icons\AlertCaution.png -&gt; C:\Users\kmorse\Documents\projects\RallyRestToolkitFor.NET\Documentation\Working\Output\Website\icons\AlertCaution.png
C:\Program Files (x86)\EWSoftware\Sandcastle Help File Builder\PresentationStyles\VS2013\icons\AlertNote.png -&gt; C:\Users\kmorse\Documents\projects\RallyRestToolkitFor.NET\Documentation\Working\Output\Website\icons\AlertNote.png
C:\Program Files (x86)\EWSoftware\Sandcastle Help File Builder\PresentationStyles\VS2013\icons\AlertSecurity.png -&gt; C:\Users\kmorse\Documents\projects\RallyRestToolkitFor.NET\Documentation\Working\Output\Website\icons\AlertSecurity.png
C:\Program Files (x86)\EWSoftware\Sandcastle Help File Builder\PresentationStyles\VS2013\icons\CFW.gif -&gt; C:\Users\kmorse\Documents\projects\RallyRestToolkitFor.NET\Documentation\Working\Output\Website\icons\CFW.gif
C:\Program Files (x86)\EWSoftware\Sandcastle Help File Builder\PresentationStyles\VS2013\icons\CodeExample.png -&gt; C:\Users\kmorse\Documents\projects\RallyRestToolkitFor.NET\Documentation\Working\Output\Website\icons\CodeExample.png
C:\Program Files (x86)\EWSoftware\Sandcastle Help File Builder\PresentationStyles\VS2013\icons\favicon.ico -&gt; C:\Users\kmorse\Documents\projects\RallyRestToolkitFor.NET\Documentation\Working\Output\Website\icons\favicon.ico
C:\Program Files (x86)\EWSoftware\Sandcastle Help File Builder\PresentationStyles\VS2013\icons\privclass.gif -&gt; C:\Users\kmorse\Documents\projects\RallyRestToolkitFor.NET\Documentation\Working\Output\Website\icons\privclass.gif
C:\Program Files (x86)\EWSoftware\Sandcastle Help File Builder\PresentationStyles\VS2013\icons\privdelegate.gif -&gt; C:\Users\kmorse\Documents\projects\RallyRestToolkitFor.NET\Documentation\Working\Output\Website\icons\privdelegate.gif
C:\Program Files (x86)\EWSoftware\Sandcastle Help File Builder\PresentationStyles\VS2013\icons\privenumeration.gif -&gt; C:\Users\kmorse\Documents\projects\RallyRestToolkitFor.NET\Documentation\Working\Output\Website\icons\privenumeration.gif
C:\Program Files (x86)\EWSoftware\Sandcastle Help File Builder\PresentationStyles\VS2013\icons\privevent.gif -&gt; C:\Users\kmorse\Documents\projects\RallyRestToolkitFor.NET\Documentation\Working\Output\Website\icons\privevent.gif
C:\Program Files (x86)\EWSoftware\Sandcastle Help File Builder\PresentationStyles\VS2013\icons\privextension.gif -&gt; C:\Users\kmorse\Documents\projects\RallyRestToolkitFor.NET\Documentation\Working\Output\Website\icons\privextension.gif
C:\Program Files (x86)\EWSoftware\Sandcastle Help File Builder\PresentationStyles\VS2013\icons\privfield.gif -&gt; C:\Users\kmorse\Documents\projects\RallyRestToolkitFor.NET\Documentation\Working\Output\Website\icons\privfield.gif
C:\Program Files (x86)\EWSoftware\Sandcastle Help File Builder\PresentationStyles\VS2013\icons\privinterface.gif -&gt; C:\Users\kmorse\Documents\projects\RallyRestToolkitFor.NET\Documentation\Working\Output\Website\icons\privinterface.gif
C:\Program Files (x86)\EWSoftware\Sandcastle Help File Builder\PresentationStyles\VS2013\icons\privmethod.gif -&gt; C:\Users\kmorse\Documents\projects\RallyRestToolkitFor.NET\Documentation\Working\Output\Website\icons\privmethod.gif
C:\Program Files (x86)\EWSoftware\Sandcastle Help File Builder\PresentationStyles\VS2013\icons\privproperty.gif -&gt; C:\Users\kmorse\Documents\projects\RallyRestToolkitFor.NET\Documentation\Working\Output\Website\icons\privproperty.gif
C:\Program Files (x86)\EWSoftware\Sandcastle Help File Builder\PresentationStyles\VS2013\icons\privstructure.gif -&gt; C:\Users\kmorse\Documents\projects\RallyRestToolkitFor.NET\Documentation\Working\Output\Website\icons\privstructure.gif
C:\Program Files (x86)\EWSoftware\Sandcastle Help File Builder\PresentationStyles\VS2013\icons\protclass.gif -&gt; C:\Users\kmorse\Documents\projects\RallyRestToolkitFor.NET\Documentation\Working\Output\Website\icons\protclass.gif
C:\Program Files (x86)\EWSoftware\Sandcastle Help File Builder\PresentationStyles\VS2013\icons\protdelegate.gif -&gt; C:\Users\kmorse\Documents\projects\RallyRestToolkitFor.NET\Documentation\Working\Output\Website\icons\protdelegate.gif
C:\Program Files (x86)\EWSoftware\Sandcastle Help File Builder\PresentationStyles\VS2013\icons\protenumeration.gif -&gt; C:\Users\kmorse\Documents\projects\RallyRestToolkitFor.NET\Documentation\Working\Output\Website\icons\protenumeration.gif
C:\Program Files (x86)\EWSoftware\Sandcastle Help File Builder\PresentationStyles\VS2013\icons\protevent.gif -&gt; C:\Users\kmorse\Documents\projects\RallyRestToolkitFor.NET\Documentation\Working\Output\Website\icons\protevent.gif
C:\Program Files (x86)\EWSoftware\Sandcastle Help File Builder\PresentationStyles\VS2013\icons\protextension.gif -&gt; C:\Users\kmorse\Documents\projects\RallyRestToolkitFor.NET\Documentation\Working\Output\Website\icons\protextension.gif
C:\Program Files (x86)\EWSoftware\Sandcastle Help File Builder\PresentationStyles\VS2013\icons\protfield.gif -&gt; C:\Users\kmorse\Documents\projects\RallyRestToolkitFor.NET\Documentation\Working\Output\Website\icons\protfield.gif
C:\Program Files (x86)\EWSoftware\Sandcastle Help File Builder\PresentationStyles\VS2013\icons\protinterface.gif -&gt; C:\Users\kmorse\Documents\projects\RallyRestToolkitFor.NET\Documentation\Working\Output\Website\icons\protinterface.gif
C:\Program Files (x86)\EWSoftware\Sandcastle Help File Builder\PresentationStyles\VS2013\icons\protmethod.gif -&gt; C:\Users\kmorse\Documents\projects\RallyRestToolkitFor.NET\Documentation\Working\Output\Website\icons\protmethod.gif
C:\Program Files (x86)\EWSoftware\Sandcastle Help File Builder\PresentationStyles\VS2013\icons\protoperator.gif -&gt; C:\Users\kmorse\Documents\projects\RallyRestToolkitFor.NET\Documentation\Working\Output\Website\icons\protoperator.gif
C:\Program Files (x86)\EWSoftware\Sandcastle Help File Builder\PresentationStyles\VS2013\icons\protproperty.gif -&gt; C:\Users\kmorse\Documents\projects\RallyRestToolkitFor.NET\Documentation\Working\Output\Website\icons\protproperty.gif
C:\Program Files (x86)\EWSoftware\Sandcastle Help File Builder\PresentationStyles\VS2013\icons\protstructure.gif -&gt; C:\Users\kmorse\Documents\projects\RallyRestToolkitFor.NET\Documentation\Working\Output\Website\icons\protstructure.gif
C:\Program Files (x86)\EWSoftware\Sandcastle Help File Builder\PresentationStyles\VS2013\icons\pubclass.gif -&gt; C:\Users\kmorse\Documents\projects\RallyRestToolkitFor.NET\Documentation\Working\Output\Website\icons\pubclass.gif
C:\Program Files (x86)\EWSoftware\Sandcastle Help File Builder\PresentationStyles\VS2013\icons\pubdelegate.gif -&gt; C:\Users\kmorse\Documents\projects\RallyRestToolkitFor.NET\Documentation\Working\Output\Website\icons\pubdelegate.gif
C:\Program Files (x86)\EWSoftware\Sandcastle Help File Builder\PresentationStyles\VS2013\icons\pubenumeration.gif -&gt; C:\Users\kmorse\Documents\projects\RallyRestToolkitFor.NET\Documentation\Working\Output\Website\icons\pubenumeration.gif
C:\Program Files (x86)\EWSoftware\Sandcastle Help File Builder\PresentationStyles\VS2013\icons\pubevent.gif -&gt; C:\Users\kmorse\Documents\projects\RallyRestToolkitFor.NET\Documentation\Working\Output\Website\icons\pubevent.gif
C:\Program Files (x86)\EWSoftware\Sandcastle Help File Builder\PresentationStyles\VS2013\icons\pubextension.gif -&gt; C:\Users\kmorse\Documents\projects\RallyRestToolkitFor.NET\Documentation\Working\Output\Website\icons\pubextension.gif
C:\Program Files (x86)\EWSoftware\Sandcastle Help File Builder\PresentationStyles\VS2013\icons\pubfield.gif -&gt; C:\Users\kmorse\Documents\projects\RallyRestToolkitFor.NET\Documentation\Working\Output\Website\icons\pubfield.gif
C:\Program Files (x86)\EWSoftware\Sandcastle Help File Builder\PresentationStyles\VS2013\icons\pubinterface.gif -&gt; C:\Users\kmorse\Documents\projects\RallyRestToolkitFor.NET\Documentation\Working\Output\Website\icons\pubinterface.gif
C:\Program Files (x86)\EWSoftware\Sandcastle Help File Builder\PresentationStyles\VS2013\icons\pubmethod.gif -&gt; C:\Users\kmorse\Documents\projects\RallyRestToolkitFor.NET\Documentation\Working\Output\Website\icons\pubmethod.gif
C:\Program Files (x86)\EWSoftware\Sandcastle Help File Builder\PresentationStyles\VS2013\icons\puboperator.gif -&gt; C:\Users\kmorse\Documents\projects\RallyRestToolkitFor.NET\Documentation\Working\Output\Website\icons\puboperator.gif
C:\Program Files (x86)\EWSoftware\Sandcastle Help File Builder\PresentationStyles\VS2013\icons\pubproperty.gif -&gt; C:\Users\kmorse\Documents\projects\RallyRestToolkitFor.NET\Documentation\Working\Output\Website\icons\pubproperty.gif
C:\Program Files (x86)\EWSoftware\Sandcastle Help File Builder\PresentationStyles\VS2013\icons\pubstructure.gif -&gt; C:\Users\kmorse\Documents\projects\RallyRestToolkitFor.NET\Documentation\Working\Output\Website\icons\pubstructure.gif
C:\Program Files (x86)\EWSoftware\Sandcastle Help File Builder\PresentationStyles\VS2013\icons\SectionCollapsed.png -&gt; C:\Users\kmorse\Documents\projects\RallyRestToolkitFor.NET\Documentation\Working\Output\Website\icons\SectionCollapsed.png
C:\Program Files (x86)\EWSoftware\Sandcastle Help File Builder\PresentationStyles\VS2013\icons\SectionExpanded.png -&gt; C:\Users\kmorse\Documents\projects\RallyRestToolkitFor.NET\Documentation\Working\Output\Website\icons\SectionExpanded.png
C:\Program Files (x86)\EWSoftware\Sandcastle Help File Builder\PresentationStyles\VS2013\icons\slMobile.gif -&gt; C:\Users\kmorse\Documents\projects\RallyRestToolkitFor.NET\Documentation\Working\Output\Website\icons\slMobile.gif
C:\Program Files (x86)\EWSoftware\Sandcastle Help File Builder\PresentationStyles\VS2013\icons\static.gif -&gt; C:\Users\kmorse\Documents\projects\RallyRestToolkitFor.NET\Documentation\Working\Output\Website\icons\static.gif
C:\Program Files (x86)\EWSoftware\Sandcastle Help File Builder\PresentationStyles\VS2013\icons\xna.gif -&gt; C:\Users\kmorse\Documents\projects\RallyRestToolkitFor.NET\Documentation\Working\Output\Website\icons\xna.gif
C:\Program Files (x86)\EWSoftware\Sandcastle Help File Builder\PresentationStyles\VS2013\scripts\branding.js -&gt; C:\Users\kmorse\Documents\projects\RallyRestToolkitFor.NET\Documentation\Working\Output\Website\scripts\branding.js
C:\Program Files (x86)\EWSoftware\Sandcastle Help File Builder\PresentationStyles\VS2013\styles\branding-cs-CZ.css -&gt; C:\Users\kmorse\Documents\projects\RallyRestToolkitFor.NET\Documentation\Working\Output\Website\styles\branding-cs-CZ.css
C:\Program Files (x86)\EWSoftware\Sandcastle Help File Builder\PresentationStyles\VS2013\styles\branding-de-DE.css -&gt; C:\Users\kmorse\Documents\projects\RallyRestToolkitFor.NET\Documentation\Working\Output\Website\styles\branding-de-DE.css
C:\Program Files (x86)\EWSoftware\Sandcastle Help File Builder\PresentationStyles\VS2013\styles\branding-en-US.css -&gt; C:\Users\kmorse\Documents\projects\RallyRestToolkitFor.NET\Documentation\Working\Output\Website\styles\branding-en-US.css
C:\Program Files (x86)\EWSoftware\Sandcastle Help File Builder\PresentationStyles\VS2013\styles\branding-es-ES.css -&gt; C:\Users\kmorse\Documents\projects\RallyRestToolkitFor.NET\Documentation\Working\Output\Website\styles\branding-es-ES.css
C:\Program Files (x86)\EWSoftware\Sandcastle Help File Builder\PresentationStyles\VS2013\styles\branding-fr-FR.css -&gt; C:\Users\kmorse\Documents\projects\RallyRestToolkitFor.NET\Documentation\Working\Output\Website\styles\branding-fr-FR.css
C:\Program Files (x86)\EWSoftware\Sandcastle Help File Builder\PresentationStyles\VS2013\styles\branding-Help1.css -&gt; C:\Users\kmorse\Documents\projects\RallyRestToolkitFor.NET\Documentation\Working\Output\Website\styles\branding-Help1.css
C:\Program Files (x86)\EWSoftware\Sandcastle Help File Builder\PresentationStyles\VS2013\styles\branding-HelpViewer.css -&gt; C:\Users\kmorse\Documents\projects\RallyRestToolkitFor.NET\Documentation\Working\Output\Website\styles\branding-HelpViewer.css
C:\Program Files (x86)\EWSoftware\Sandcastle Help File Builder\PresentationStyles\VS2013\styles\branding-it-IT.css -&gt; C:\Users\kmorse\Documents\projects\RallyRestToolkitFor.NET\Documentation\Working\Output\Website\styles\branding-it-IT.css
C:\Program Files (x86)\EWSoftware\Sandcastle Help File Builder\PresentationStyles\VS2013\styles\branding-ja-JP.css -&gt; C:\Users\kmorse\Documents\projects\RallyRestToolkitFor.NET\Documentation\Working\Output\Website\styles\branding-ja-JP.css
C:\Program Files (x86)\EWSoftware\Sandcastle Help File Builder\PresentationStyles\VS2013\styles\branding-ko-KR.css -&gt; C:\Users\kmorse\Documents\projects\RallyRestToolkitFor.NET\Documentation\Working\Output\Website\styles\branding-ko-KR.css
C:\Program Files (x86)\EWSoftware\Sandcastle Help File Builder\PresentationStyles\VS2013\styles\branding-pl-PL.css -&gt; C:\Users\kmorse\Documents\projects\RallyRestToolkitFor.NET\Documentation\Working\Output\Website\styles\branding-pl-PL.css
C:\Program Files (x86)\EWSoftware\Sandcastle Help File Builder\PresentationStyles\VS2013\styles\branding-pt-BR.css -&gt; C:\Users\kmorse\Documents\projects\RallyRestToolkitFor.NET\Documentation\Working\Output\Website\styles\branding-pt-BR.css
C:\Program Files (x86)\EWSoftware\Sandcastle Help File Builder\PresentationStyles\VS2013\styles\branding-ru-RU.css -&gt; C:\Users\kmorse\Documents\projects\RallyRestToolkitFor.NET\Documentation\Working\Output\Website\styles\branding-ru-RU.css
C:\Program Files (x86)\EWSoftware\Sandcastle Help File Builder\PresentationStyles\VS2013\styles\branding-tr-TR.css -&gt; C:\Users\kmorse\Documents\projects\RallyRestToolkitFor.NET\Documentation\Working\Output\Website\styles\branding-tr-TR.css
C:\Program Files (x86)\EWSoftware\Sandcastle Help File Builder\PresentationStyles\VS2013\styles\branding-Website.css -&gt; C:\Users\kmorse\Documents\projects\RallyRestToolkitFor.NET\Documentation\Working\Output\Website\styles\branding-Website.css
C:\Program Files (x86)\EWSoftware\Sandcastle Help File Builder\PresentationStyles\VS2013\styles\branding-zh-CN.css -&gt; C:\Users\kmorse\Documents\projects\RallyRestToolkitFor.NET\Documentation\Working\Output\Website\styles\branding-zh-CN.css
C:\Program Files (x86)\EWSoftware\Sandcastle Help File Builder\PresentationStyles\VS2013\styles\branding-zh-TW.css -&gt; C:\Users\kmorse\Documents\projects\RallyRestToolkitFor.NET\Documentation\Working\Output\Website\styles\branding-zh-TW.css
C:\Program Files (x86)\EWSoftware\Sandcastle Help File Builder\PresentationStyles\VS2013\styles\branding.css -&gt; C:\Users\kmorse\Documents\projects\RallyRestToolkitFor.NET\Documentation\Working\Output\Website\styles\branding.css
C:\Program Files (x86)\EWSoftware\Sandcastle Help File Builder\PresentationStyles\VS2013\Web\index.html -&gt; C:\Users\kmorse\Documents\projects\RallyRestToolkitFor.NET\Documentation\Working\Output\Website\index.html
C:\Program Files (x86)\EWSoftware\Sandcastle Help File Builder\PresentationStyles\VS2013\Web\search.html -&gt; C:\Users\kmorse\Documents\projects\RallyRestToolkitFor.NET\Documentation\Working\Output\Website\search.html
C:\Program Files (x86)\EWSoftware\Sandcastle Help File Builder\PresentationStyles\VS2013\Web\SearchHelp.aspx -&gt; C:\Users\kmorse\Documents\projects\RallyRestToolkitFor.NET\Documentation\Working\Output\Website\SearchHelp.aspx
C:\Program Files (x86)\EWSoftware\Sandcastle Help File Builder\PresentationStyles\VS2013\Web\SearchHelp.inc.php -&gt; C:\Users\kmorse\Documents\projects\RallyRestToolkitFor.NET\Documentation\Working\Output\Website\SearchHelp.inc.php
C:\Program Files (x86)\EWSoftware\Sandcastle Help File Builder\PresentationStyles\VS2013\Web\SearchHelp.php -&gt; C:\Users\kmorse\Documents\projects\RallyRestToolkitFor.NET\Documentation\Working\Output\Website\SearchHelp.php
C:\Program Files (x86)\EWSoftware\Sandcastle Help File Builder\PresentationStyles\VS2013\Web\Web.Config -&gt; C:\Users\kmorse\Documents\projects\RallyRestToolkitFor.NET\Documentation\Working\Output\Website\Web.Config
C:\Program Files (x86)\EWSoftware\Sandcastle Help File Builder\PresentationStyles\VS2013\Web\icons\Search.png -&gt; C:\Users\kmorse\Documents\projects\RallyRestToolkitFor.NET\Documentation\Working\Output\Website\icons\Search.png
C:\Program Files (x86)\EWSoftware\Sandcastle Help File Builder\PresentationStyles\VS2013\Web\icons\TocClose.gif -&gt; C:\Users\kmorse\Documents\projects\RallyRestToolkitFor.NET\Documentation\Working\Output\Website\icons\TocClose.gif
C:\Program Files (x86)\EWSoftware\Sandcastle Help File Builder\PresentationStyles\VS2013\Web\icons\TocCollapsed.gif -&gt; C:\Users\kmorse\Documents\projects\RallyRestToolkitFor.NET\Documentation\Working\Output\Website\icons\TocCollapsed.gif
C:\Program Files (x86)\EWSoftware\Sandcastle Help File Builder\PresentationStyles\VS2013\Web\icons\TocExpanded.gif -&gt; C:\Users\kmorse\Documents\projects\RallyRestToolkitFor.NET\Documentation\Working\Output\Website\icons\TocExpanded.gif
C:\Program Files (x86)\EWSoftware\Sandcastle Help File Builder\PresentationStyles\VS2013\Web\icons\TocOpen.gif -&gt; C:\Users\kmorse\Documents\projects\RallyRestToolkitFor.NET\Documentation\Working\Output\Website\icons\TocOpen.gif
C:\Program Files (x86)\EWSoftware\Sandcastle Help File Builder\PresentationStyles\VS2013\Web\scripts\branding-Website.js -&gt; C:\Users\kmorse\Documents\projects\RallyRestToolkitFor.NET\Documentation\Working\Output\Website\scripts\branding-Website.js
C:\Program Files (x86)\EWSoftware\Sandcastle Help File Builder\PresentationStyles\VS2013\Web\scripts\jquery-1.11.0.min.js -&gt; C:\Users\kmorse\Documents\projects\RallyRestToolkitFor.NET\Documentation\Working\Output\Website\scripts\jquery-1.11.0.min.js
    Last step completed in 00:00:00.1122
</buildStep>
<buildStep step="GenerateHelpFormatTableOfContents">
Generating website table of contents file...
    Last step completed in 00:00:00.0000
</buildStep>
<buildStep step="GenerateFullTextIndex">
Generating full-text index for the website...

<plugIn name="Lightweight Website Style" behavior="After" priority="1000">
Adding lightweight search and TOC elements to each topic...
</plugIn>    Last step completed in 00:00:01.1544
</buildStep>
<buildStep step="CopyingWebsiteFiles">
Copying website files to output folder...

Copied 459 files for the website content
    Last step completed in 00:00:00.4836
</buildStep>
<buildStep step="CleanIntermediates">
Removing intermediate files...
    Last step completed in 00:00:00.1560
</buildStep>
<buildStep step="Completed">

Build completed successfully at 7/6/2016 4:25:35 PM.  Total time: 00:00:42.3595

</buildStep>
</shfbBuild>
